d:\qt\proj\stockmanagementsystem\stockmanagementsystem\x64\debug\goodswarehousing.obj
d:\qt\proj\stockmanagementsystem\stockmanagementsystem\x64\debug\mainwidget.obj
d:\qt\proj\stockmanagementsystem\stockmanagementsystem\x64\debug\fuzzytextwidget.obj
d:\qt\proj\stockmanagementsystem\stockmanagementsystem\x64\debug\addcommodity.obj
d:\qt\proj\stockmanagementsystem\stockmanagementsystem\x64\debug\goodsdelivery.obj
d:\qt\proj\stockmanagementsystem\stockmanagementsystem\x64\debug\main.obj
d:\qt\proj\stockmanagementsystem\stockmanagementsystem\x64\debug\vc143.pdb
d:\qt\proj\stockmanagementsystem\stockmanagementsystem\x64\debug\qrc_mainwidget.obj
d:\qt\proj\stockmanagementsystem\stockmanagementsystem\x64\debug\moc_addcommodity.obj
d:\qt\proj\stockmanagementsystem\stockmanagementsystem\x64\debug\moc_goodsdelivery.obj
d:\qt\proj\stockmanagementsystem\stockmanagementsystem\x64\debug\moc_mainwidget.obj
d:\qt\proj\stockmanagementsystem\stockmanagementsystem\x64\debug\moc_fuzzytextwidget.obj
d:\qt\proj\stockmanagementsystem\stockmanagementsystem\x64\debug\moc_goodswarehousing.obj
d:\qt\proj\stockmanagementsystem\x64\debug\stockmanagementsystem.exe
d:\qt\proj\stockmanagementsystem\x64\debug\stockmanagementsystem.pdb
d:\qt\proj\stockmanagementsystem\stockmanagementsystem\x64\debug\moc\moc_mainwidget.cpp
d:\qt\proj\stockmanagementsystem\stockmanagementsystem\x64\debug\moc\moc_addcommodity.cpp
d:\qt\proj\stockmanagementsystem\stockmanagementsystem\x64\debug\moc\moc_goodswarehousing.cpp
d:\qt\proj\stockmanagementsystem\stockmanagementsystem\x64\debug\moc\moc_goodsdelivery.cpp
d:\qt\proj\stockmanagementsystem\stockmanagementsystem\x64\debug\moc\moc_fuzzytextwidget.cpp
d:\qt\proj\stockmanagementsystem\stockmanagementsystem\x64\debug\rcc\qrc_mainwidget.cpp
d:\github\qt_mysql_practice\stockmanagementsystem\stockmanagementsystem\x64\debug\rcc\qrc_mainwidget.cpp
d:\github\qt_mysql_practice\stockmanagementsystem\stockmanagementsystem\x64\debug\moc\moc_mainwidget.cpp
d:\github\qt_mysql_practice\stockmanagementsystem\stockmanagementsystem\x64\debug\moc\moc_addcommodity.cpp
d:\github\qt_mysql_practice\stockmanagementsystem\stockmanagementsystem\x64\debug\moc\moc_goodswarehousing.cpp
d:\github\qt_mysql_practice\stockmanagementsystem\stockmanagementsystem\x64\debug\moc\moc_goodsdelivery.cpp
d:\github\qt_mysql_practice\stockmanagementsystem\stockmanagementsystem\x64\debug\moc\moc_fuzzytextwidget.cpp
d:\qt\proj\stockmanagementsystem\x64\debug\stockmanagementsystem.ilk
d:\github\qt_mysql_practice\stockmanagementsystem\stockmanagementsystem\x64\debug\addcommodity.obj
d:\github\qt_mysql_practice\stockmanagementsystem\stockmanagementsystem\x64\debug\fuzzytextwidget.obj
d:\github\qt_mysql_practice\stockmanagementsystem\stockmanagementsystem\x64\debug\goodsdelivery.obj
d:\github\qt_mysql_practice\stockmanagementsystem\stockmanagementsystem\x64\debug\goodswarehousing.obj
d:\github\qt_mysql_practice\stockmanagementsystem\stockmanagementsystem\x64\debug\main.obj
d:\github\qt_mysql_practice\stockmanagementsystem\stockmanagementsystem\x64\debug\mainwidget.obj
d:\github\qt_mysql_practice\stockmanagementsystem\stockmanagementsystem\x64\debug\moc_addcommodity.obj
d:\github\qt_mysql_practice\stockmanagementsystem\stockmanagementsystem\x64\debug\moc_fuzzytextwidget.obj
d:\github\qt_mysql_practice\stockmanagementsystem\stockmanagementsystem\x64\debug\moc_goodsdelivery.obj
d:\github\qt_mysql_practice\stockmanagementsystem\stockmanagementsystem\x64\debug\moc_goodswarehousing.obj
d:\github\qt_mysql_practice\stockmanagementsystem\stockmanagementsystem\x64\debug\moc_mainwidget.obj
d:\github\qt_mysql_practice\stockmanagementsystem\stockmanagementsystem\x64\debug\qrc_mainwidget.obj
d:\github\qt_mysql_practice\stockmanagementsystem\stockmanagementsystem\x64\debug\vc143.pdb
d:\github\qt_mysql_practice\stockmanagementsystem\x64\debug\stockmanagementsystem.pdb
d:\github\qt_mysql_practice\stockmanagementsystem\x64\debug\stockmanagementsystem.exe
d:\github\qt_mysql_practice\stockmanagementsystem\x64\debug\stockmanagementsystem.ilk
d:\github\qt_mysql_practice\stockmanagementsystem\stockmanagementsystem\x64\debug\stockman.ed206104.tlog\cl.command.1.tlog
d:\github\qt_mysql_practice\stockmanagementsystem\stockmanagementsystem\x64\debug\stockman.ed206104.tlog\cl.items.tlog
d:\github\qt_mysql_practice\stockmanagementsystem\stockmanagementsystem\x64\debug\stockman.ed206104.tlog\cl.read.1.tlog
d:\github\qt_mysql_practice\stockmanagementsystem\stockmanagementsystem\x64\debug\stockman.ed206104.tlog\cl.write.1.tlog
d:\github\qt_mysql_practice\stockmanagementsystem\stockmanagementsystem\x64\debug\stockman.ed206104.tlog\link.command.1.tlog
d:\github\qt_mysql_practice\stockmanagementsystem\stockmanagementsystem\x64\debug\stockman.ed206104.tlog\link.read.1.tlog
d:\github\qt_mysql_practice\stockmanagementsystem\stockmanagementsystem\x64\debug\stockman.ed206104.tlog\link.secondary.1.tlog
d:\github\qt_mysql_practice\stockmanagementsystem\stockmanagementsystem\x64\debug\stockman.ed206104.tlog\link.write.1.tlog
d:\github\qt_mysql_practice\stockmanagementsystem\stockmanagementsystem\x64\debug\stockman.ed206104.tlog\moc.read.1u.tlog
d:\github\qt_mysql_practice\stockmanagementsystem\stockmanagementsystem\x64\debug\stockman.ed206104.tlog\moc.write.1u.tlog
d:\github\qt_mysql_practice\stockmanagementsystem\stockmanagementsystem\x64\debug\stockman.ed206104.tlog\rcc.read.1u.tlog
d:\github\qt_mysql_practice\stockmanagementsystem\stockmanagementsystem\x64\debug\stockman.ed206104.tlog\rcc.write.1u.tlog
d:\github\qt_mysql_practice\stockmanagementsystem\stockmanagementsystem\x64\debug\stockman.ed206104.tlog\stockmanagementsystem.write.1u.tlog
